[03-Apr-2024 20:38:46 UTC] Sync process for Gutenberg Blocks has started.
[03-Apr-2024 20:38:46 UTC] CATEGORY: Storing in option ast-block-templates-categories
[03-Apr-2024 20:38:46 UTC] BLOCK: Requests count 7
[03-Apr-2024 20:38:46 UTC] BLOCK: Importing request 1 ..
[03-Apr-2024 20:38:46 UTC] BLOCK: https://websitedemos.net/wp-json/astra-blocks/v2/blocks/?page_builder=gutenberg&per_page=30&page=1&wireframe=yes
[03-Apr-2024 20:38:47 UTC] BLOCK: Storing in option ast-block-templates-blocks-1
[03-Apr-2024 20:38:47 UTC] BLOCK: Completed request 1
[03-Apr-2024 20:38:47 UTC] BLOCK: Importing request 2 ..
[03-Apr-2024 20:38:47 UTC] BLOCK: https://websitedemos.net/wp-json/astra-blocks/v2/blocks/?page_builder=gutenberg&per_page=30&page=2&wireframe=yes
[03-Apr-2024 20:38:47 UTC] BLOCK: Storing in option ast-block-templates-blocks-2
[03-Apr-2024 20:38:49 UTC] BLOCK: Completed request 2
[03-Apr-2024 20:38:49 UTC] BLOCK: Importing request 3 ..
[03-Apr-2024 20:38:49 UTC] BLOCK: https://websitedemos.net/wp-json/astra-blocks/v2/blocks/?page_builder=gutenberg&per_page=30&page=3&wireframe=yes
[03-Apr-2024 20:38:49 UTC] BLOCK: Storing in option ast-block-templates-blocks-3
[03-Apr-2024 20:38:49 UTC] BLOCK: Completed request 3
[03-Apr-2024 20:38:49 UTC] BLOCK: Importing request 4 ..
[03-Apr-2024 20:38:49 UTC] BLOCK: https://websitedemos.net/wp-json/astra-blocks/v2/blocks/?page_builder=gutenberg&per_page=30&page=4&wireframe=yes
[03-Apr-2024 20:38:49 UTC] BLOCK: Storing in option ast-block-templates-blocks-4
[03-Apr-2024 20:38:49 UTC] BLOCK: Completed request 4
[03-Apr-2024 20:38:49 UTC] BLOCK: Importing request 5 ..
[03-Apr-2024 20:38:49 UTC] BLOCK: https://websitedemos.net/wp-json/astra-blocks/v2/blocks/?page_builder=gutenberg&per_page=30&page=5&wireframe=yes
[03-Apr-2024 20:38:50 UTC] BLOCK: Storing in option ast-block-templates-blocks-5
[03-Apr-2024 20:38:50 UTC] BLOCK: Completed request 5
[03-Apr-2024 20:38:50 UTC] BLOCK: Importing request 6 ..
[03-Apr-2024 20:38:50 UTC] BLOCK: https://websitedemos.net/wp-json/astra-blocks/v2/blocks/?page_builder=gutenberg&per_page=30&page=6&wireframe=yes
[03-Apr-2024 20:38:50 UTC] BLOCK: Storing in option ast-block-templates-blocks-6
[03-Apr-2024 20:38:50 UTC] BLOCK: Completed request 6
[03-Apr-2024 20:38:50 UTC] BLOCK: Importing request 7 ..
[03-Apr-2024 20:38:50 UTC] BLOCK: https://websitedemos.net/wp-json/astra-blocks/v2/blocks/?page_builder=gutenberg&per_page=30&page=7&wireframe=yes
[03-Apr-2024 20:38:50 UTC] BLOCK: Storing in option ast-block-templates-blocks-7
[03-Apr-2024 20:38:50 UTC] BLOCK: Completed request 7
[03-Apr-2024 20:38:50 UTC] SITE: Getting Total Sites
[03-Apr-2024 20:38:50 UTC] SITE: https://websitedemos.net/wp-json/astra-sites/v1/get-total-pages/?page_builder=gutenberg&per_page=30
[03-Apr-2024 20:38:51 UTC] SITE: Request count 10
[03-Apr-2024 20:38:51 UTC] SITE: Importing request 1 ..
[03-Apr-2024 20:38:51 UTC] SITE: https://websitedemos.net/wp-json/astra-sites/v1/sites-and-pages/?per_page=30&page=1&page-builder=gutenberg
[03-Apr-2024 20:38:51 UTC] SITE: Storing in option ast-block-templates-sites-1
[03-Apr-2024 20:38:51 UTC] SITE: Completed request 1
[03-Apr-2024 20:38:51 UTC] SITE: Importing request 2 ..
[03-Apr-2024 20:38:51 UTC] SITE: https://websitedemos.net/wp-json/astra-sites/v1/sites-and-pages/?per_page=30&page=2&page-builder=gutenberg
[03-Apr-2024 20:38:51 UTC] SITE: Storing in option ast-block-templates-sites-2
[03-Apr-2024 20:38:51 UTC] SITE: Completed request 2
[03-Apr-2024 20:38:51 UTC] SITE: Importing request 3 ..
[03-Apr-2024 20:38:51 UTC] SITE: https://websitedemos.net/wp-json/astra-sites/v1/sites-and-pages/?per_page=30&page=3&page-builder=gutenberg
[03-Apr-2024 20:38:51 UTC] SITE: Storing in option ast-block-templates-sites-3
[03-Apr-2024 20:38:51 UTC] SITE: Completed request 3
[03-Apr-2024 20:38:51 UTC] SITE: Importing request 4 ..
[03-Apr-2024 20:38:51 UTC] SITE: https://websitedemos.net/wp-json/astra-sites/v1/sites-and-pages/?per_page=30&page=4&page-builder=gutenberg
[03-Apr-2024 20:38:51 UTC] SITE: Storing in option ast-block-templates-sites-4
[03-Apr-2024 20:38:51 UTC] SITE: Completed request 4
[03-Apr-2024 20:38:51 UTC] SITE: Importing request 5 ..
[03-Apr-2024 20:38:51 UTC] SITE: https://websitedemos.net/wp-json/astra-sites/v1/sites-and-pages/?per_page=30&page=5&page-builder=gutenberg
[03-Apr-2024 20:38:52 UTC] SITE: Storing in option ast-block-templates-sites-5
[03-Apr-2024 20:38:52 UTC] SITE: Completed request 5
[03-Apr-2024 20:38:52 UTC] SITE: Importing request 6 ..
[03-Apr-2024 20:38:52 UTC] SITE: https://websitedemos.net/wp-json/astra-sites/v1/sites-and-pages/?per_page=30&page=6&page-builder=gutenberg
[03-Apr-2024 20:38:52 UTC] SITE: Storing in option ast-block-templates-sites-6
[03-Apr-2024 20:38:52 UTC] SITE: Completed request 6
[03-Apr-2024 20:38:52 UTC] SITE: Importing request 7 ..
[03-Apr-2024 20:38:52 UTC] SITE: https://websitedemos.net/wp-json/astra-sites/v1/sites-and-pages/?per_page=30&page=7&page-builder=gutenberg
[03-Apr-2024 20:38:52 UTC] SITE: Storing in option ast-block-templates-sites-7
[03-Apr-2024 20:38:52 UTC] SITE: Completed request 7
[03-Apr-2024 20:38:52 UTC] SITE: Importing request 8 ..
[03-Apr-2024 20:38:52 UTC] SITE: https://websitedemos.net/wp-json/astra-sites/v1/sites-and-pages/?per_page=30&page=8&page-builder=gutenberg
[03-Apr-2024 20:38:52 UTC] SITE: Storing in option ast-block-templates-sites-8
[03-Apr-2024 20:38:52 UTC] SITE: Completed request 8
[03-Apr-2024 20:38:52 UTC] SITE: Importing request 9 ..
[03-Apr-2024 20:38:52 UTC] SITE: https://websitedemos.net/wp-json/astra-sites/v1/sites-and-pages/?per_page=30&page=9&page-builder=gutenberg
[03-Apr-2024 20:38:52 UTC] SITE: Storing in option ast-block-templates-sites-9
[03-Apr-2024 20:38:52 UTC] SITE: Completed request 9
[03-Apr-2024 20:38:52 UTC] SITE: Importing request 10 ..
[03-Apr-2024 20:38:52 UTC] SITE: https://websitedemos.net/wp-json/astra-sites/v1/sites-and-pages/?per_page=30&page=10&page-builder=gutenberg
[03-Apr-2024 20:38:53 UTC] SITE: Storing in option ast-block-templates-sites-10
[03-Apr-2024 20:38:53 UTC] SITE: Completed request 10
[03-Apr-2024 20:38:53 UTC] Sync process for Gutenberg Blocks is done.
[03-Apr-2024 20:38:53 UTC] BLOCK: Getting Server Custimizer CSS
[03-Apr-2024 20:38:53 UTC] BLOCK: https://websitedemos.net/wp-json/astra-blocks/v2/get-customizer-css
[03-Apr-2024 20:57:12 UTC] BLOCK: Getting Spectra Common CSS
[03-Apr-2024 20:57:12 UTC] BLOCK: https://websitedemos.net/wp-json/astra-blocks/v2/spectra-common-styles
[03-Apr-2024 20:57:41 UTC] BLOCK: Getting Spectra Common CSS
[03-Apr-2024 21:20:29 UTC] BLOCK: Getting Spectra Common CSS
[03-Apr-2024 21:20:43 UTC] BLOCK: Getting Spectra Common CSS
[03-Apr-2024 21:20:44 UTC] BLOCK: Getting Spectra Common CSS
[03-Apr-2024 21:21:25 UTC] BLOCK: Getting Spectra Common CSS
[06-Apr-2024 21:28:27 UTC] Sync process for Gutenberg Blocks has started.
[06-Apr-2024 21:28:27 UTC] CATEGORY: Storing in option ast-block-templates-categories
[06-Apr-2024 21:28:27 UTC] BLOCK: Requests count 7
[06-Apr-2024 21:28:27 UTC] BLOCK: Importing request 1 ..
[06-Apr-2024 21:28:27 UTC] BLOCK: https://websitedemos.net/wp-json/astra-blocks/v2/blocks/?page_builder=gutenberg&per_page=30&page=1&wireframe=yes
[06-Apr-2024 21:28:27 UTC] BLOCK: Storing in option ast-block-templates-blocks-1
[06-Apr-2024 21:28:28 UTC] BLOCK: Completed request 1
[06-Apr-2024 21:28:28 UTC] BLOCK: Importing request 2 ..
[06-Apr-2024 21:28:28 UTC] BLOCK: https://websitedemos.net/wp-json/astra-blocks/v2/blocks/?page_builder=gutenberg&per_page=30&page=2&wireframe=yes
[06-Apr-2024 21:28:28 UTC] BLOCK: Storing in option ast-block-templates-blocks-2
[06-Apr-2024 21:28:28 UTC] BLOCK: Completed request 2
[06-Apr-2024 21:28:28 UTC] BLOCK: Importing request 3 ..
[06-Apr-2024 21:28:28 UTC] BLOCK: https://websitedemos.net/wp-json/astra-blocks/v2/blocks/?page_builder=gutenberg&per_page=30&page=3&wireframe=yes
[06-Apr-2024 21:28:29 UTC] BLOCK: Storing in option ast-block-templates-blocks-3
[06-Apr-2024 21:28:29 UTC] BLOCK: Completed request 3
[06-Apr-2024 21:28:29 UTC] BLOCK: Importing request 4 ..
[06-Apr-2024 21:28:29 UTC] BLOCK: https://websitedemos.net/wp-json/astra-blocks/v2/blocks/?page_builder=gutenberg&per_page=30&page=4&wireframe=yes
[06-Apr-2024 21:28:29 UTC] BLOCK: Storing in option ast-block-templates-blocks-4
[06-Apr-2024 21:28:29 UTC] BLOCK: Completed request 4
[06-Apr-2024 21:28:29 UTC] BLOCK: Importing request 5 ..
[06-Apr-2024 21:28:29 UTC] BLOCK: https://websitedemos.net/wp-json/astra-blocks/v2/blocks/?page_builder=gutenberg&per_page=30&page=5&wireframe=yes
[06-Apr-2024 21:28:30 UTC] BLOCK: Storing in option ast-block-templates-blocks-5
[06-Apr-2024 21:28:30 UTC] BLOCK: Completed request 5
[06-Apr-2024 21:28:30 UTC] BLOCK: Importing request 6 ..
[06-Apr-2024 21:28:30 UTC] BLOCK: https://websitedemos.net/wp-json/astra-blocks/v2/blocks/?page_builder=gutenberg&per_page=30&page=6&wireframe=yes
[06-Apr-2024 21:28:30 UTC] BLOCK: Storing in option ast-block-templates-blocks-6
[06-Apr-2024 21:28:30 UTC] BLOCK: Completed request 6
[06-Apr-2024 21:28:30 UTC] BLOCK: Importing request 7 ..
[06-Apr-2024 21:28:30 UTC] BLOCK: https://websitedemos.net/wp-json/astra-blocks/v2/blocks/?page_builder=gutenberg&per_page=30&page=7&wireframe=yes
[06-Apr-2024 21:28:31 UTC] BLOCK: Storing in option ast-block-templates-blocks-7
[06-Apr-2024 21:28:31 UTC] BLOCK: Completed request 7
[06-Apr-2024 21:28:31 UTC] SITE: Getting Total Sites
[06-Apr-2024 21:28:31 UTC] SITE: https://websitedemos.net/wp-json/astra-sites/v1/get-total-pages/?page_builder=gutenberg&per_page=30
[06-Apr-2024 21:28:31 UTC] SITE: Request count 10
[06-Apr-2024 21:28:31 UTC] SITE: Importing request 1 ..
[06-Apr-2024 21:28:31 UTC] SITE: https://websitedemos.net/wp-json/astra-sites/v1/sites-and-pages/?per_page=30&page=1&page-builder=gutenberg
[06-Apr-2024 21:28:31 UTC] SITE: Storing in option ast-block-templates-sites-1
[06-Apr-2024 21:28:32 UTC] SITE: Completed request 1
[06-Apr-2024 21:28:32 UTC] SITE: Importing request 2 ..
[06-Apr-2024 21:28:32 UTC] SITE: https://websitedemos.net/wp-json/astra-sites/v1/sites-and-pages/?per_page=30&page=2&page-builder=gutenberg
[06-Apr-2024 21:28:32 UTC] SITE: Storing in option ast-block-templates-sites-2
[06-Apr-2024 21:28:32 UTC] SITE: Completed request 2
[06-Apr-2024 21:28:32 UTC] SITE: Importing request 3 ..
[06-Apr-2024 21:28:32 UTC] SITE: https://websitedemos.net/wp-json/astra-sites/v1/sites-and-pages/?per_page=30&page=3&page-builder=gutenberg
[06-Apr-2024 21:28:32 UTC] SITE: Storing in option ast-block-templates-sites-3
[06-Apr-2024 21:28:32 UTC] SITE: Completed request 3
[06-Apr-2024 21:28:32 UTC] SITE: Importing request 4 ..
[06-Apr-2024 21:28:32 UTC] SITE: https://websitedemos.net/wp-json/astra-sites/v1/sites-and-pages/?per_page=30&page=4&page-builder=gutenberg
[06-Apr-2024 21:28:32 UTC] SITE: Storing in option ast-block-templates-sites-4
[06-Apr-2024 21:28:32 UTC] SITE: Completed request 4
[06-Apr-2024 21:28:32 UTC] SITE: Importing request 5 ..
[06-Apr-2024 21:28:32 UTC] SITE: https://websitedemos.net/wp-json/astra-sites/v1/sites-and-pages/?per_page=30&page=5&page-builder=gutenberg
[06-Apr-2024 21:28:33 UTC] SITE: Storing in option ast-block-templates-sites-5
[06-Apr-2024 21:28:33 UTC] SITE: Completed request 5
[06-Apr-2024 21:28:33 UTC] SITE: Importing request 6 ..
[06-Apr-2024 21:28:33 UTC] SITE: https://websitedemos.net/wp-json/astra-sites/v1/sites-and-pages/?per_page=30&page=6&page-builder=gutenberg
[06-Apr-2024 21:28:33 UTC] SITE: Storing in option ast-block-templates-sites-6
[06-Apr-2024 21:28:33 UTC] SITE: Completed request 6
[06-Apr-2024 21:28:33 UTC] SITE: Importing request 7 ..
[06-Apr-2024 21:28:33 UTC] SITE: https://websitedemos.net/wp-json/astra-sites/v1/sites-and-pages/?per_page=30&page=7&page-builder=gutenberg
[06-Apr-2024 21:28:33 UTC] SITE: Storing in option ast-block-templates-sites-7
[06-Apr-2024 21:28:33 UTC] SITE: Completed request 7
[06-Apr-2024 21:28:33 UTC] SITE: Importing request 8 ..
[06-Apr-2024 21:28:33 UTC] SITE: https://websitedemos.net/wp-json/astra-sites/v1/sites-and-pages/?per_page=30&page=8&page-builder=gutenberg
[06-Apr-2024 21:28:33 UTC] SITE: Storing in option ast-block-templates-sites-8
[06-Apr-2024 21:28:34 UTC] SITE: Completed request 8
[06-Apr-2024 21:28:34 UTC] SITE: Importing request 9 ..
[06-Apr-2024 21:28:34 UTC] SITE: https://websitedemos.net/wp-json/astra-sites/v1/sites-and-pages/?per_page=30&page=9&page-builder=gutenberg
[06-Apr-2024 21:28:34 UTC] SITE: Storing in option ast-block-templates-sites-9
[06-Apr-2024 21:28:34 UTC] SITE: Completed request 9
[06-Apr-2024 21:28:34 UTC] SITE: Importing request 10 ..
[06-Apr-2024 21:28:34 UTC] SITE: https://websitedemos.net/wp-json/astra-sites/v1/sites-and-pages/?per_page=30&page=10&page-builder=gutenberg
[06-Apr-2024 21:28:34 UTC] SITE: Storing in option ast-block-templates-sites-10
[06-Apr-2024 21:28:34 UTC] SITE: Completed request 10
[06-Apr-2024 21:28:34 UTC] Sync process for Gutenberg Blocks is done.
[06-Apr-2024 21:28:34 UTC] BLOCK: Getting Server Custimizer CSS
[06-Apr-2024 21:28:34 UTC] BLOCK: https://websitedemos.net/wp-json/astra-blocks/v2/get-customizer-css
[06-Apr-2024 21:29:30 UTC] Blocks are up to date.
[06-Apr-2024 21:45:48 UTC] BLOCK: Getting Spectra Common CSS
[13-Apr-2024 16:52:44 UTC] Sync process for Gutenberg Blocks has started.
[13-Apr-2024 16:52:44 UTC] CATEGORY: Storing in option ast-block-templates-categories
[13-Apr-2024 16:52:44 UTC] BLOCK: Requests count 7
[13-Apr-2024 16:52:44 UTC] BLOCK: Importing request 1 ..
[13-Apr-2024 16:52:44 UTC] BLOCK: https://websitedemos.net/wp-json/astra-blocks/v2/blocks/?page_builder=gutenberg&per_page=30&page=1&wireframe=yes
[13-Apr-2024 16:52:44 UTC] BLOCK: Storing in option ast-block-templates-blocks-1
[13-Apr-2024 16:52:44 UTC] BLOCK: Completed request 1
[13-Apr-2024 16:52:44 UTC] BLOCK: Importing request 2 ..
[13-Apr-2024 16:52:44 UTC] BLOCK: https://websitedemos.net/wp-json/astra-blocks/v2/blocks/?page_builder=gutenberg&per_page=30&page=2&wireframe=yes
[13-Apr-2024 16:52:44 UTC] BLOCK: Storing in option ast-block-templates-blocks-2
[13-Apr-2024 16:52:45 UTC] BLOCK: Completed request 2
[13-Apr-2024 16:52:45 UTC] BLOCK: Importing request 3 ..
[13-Apr-2024 16:52:45 UTC] BLOCK: https://websitedemos.net/wp-json/astra-blocks/v2/blocks/?page_builder=gutenberg&per_page=30&page=3&wireframe=yes
[13-Apr-2024 16:52:45 UTC] BLOCK: Storing in option ast-block-templates-blocks-3
[13-Apr-2024 16:52:46 UTC] BLOCK: Completed request 3
[13-Apr-2024 16:52:46 UTC] BLOCK: Importing request 4 ..
[13-Apr-2024 16:52:46 UTC] BLOCK: https://websitedemos.net/wp-json/astra-blocks/v2/blocks/?page_builder=gutenberg&per_page=30&page=4&wireframe=yes
[13-Apr-2024 16:52:46 UTC] BLOCK: Storing in option ast-block-templates-blocks-4
[13-Apr-2024 16:52:46 UTC] BLOCK: Completed request 4
[13-Apr-2024 16:52:46 UTC] BLOCK: Importing request 5 ..
[13-Apr-2024 16:52:46 UTC] BLOCK: https://websitedemos.net/wp-json/astra-blocks/v2/blocks/?page_builder=gutenberg&per_page=30&page=5&wireframe=yes
[13-Apr-2024 16:52:46 UTC] BLOCK: Storing in option ast-block-templates-blocks-5
[13-Apr-2024 16:52:46 UTC] BLOCK: Completed request 5
[13-Apr-2024 16:52:46 UTC] BLOCK: Importing request 6 ..
[13-Apr-2024 16:52:46 UTC] BLOCK: https://websitedemos.net/wp-json/astra-blocks/v2/blocks/?page_builder=gutenberg&per_page=30&page=6&wireframe=yes
[13-Apr-2024 16:52:46 UTC] BLOCK: Storing in option ast-block-templates-blocks-6
[13-Apr-2024 16:52:47 UTC] BLOCK: Completed request 6
[13-Apr-2024 16:52:47 UTC] BLOCK: Importing request 7 ..
[13-Apr-2024 16:52:47 UTC] BLOCK: https://websitedemos.net/wp-json/astra-blocks/v2/blocks/?page_builder=gutenberg&per_page=30&page=7&wireframe=yes
[13-Apr-2024 16:52:47 UTC] BLOCK: Storing in option ast-block-templates-blocks-7
[13-Apr-2024 16:52:47 UTC] BLOCK: Completed request 7
[13-Apr-2024 16:52:47 UTC] SITE: Getting Total Sites
[13-Apr-2024 16:52:47 UTC] SITE: https://websitedemos.net/wp-json/astra-sites/v1/get-total-pages/?page_builder=gutenberg&per_page=30
[13-Apr-2024 16:52:47 UTC] SITE: Request count 11
[13-Apr-2024 16:52:47 UTC] SITE: Importing request 1 ..
[13-Apr-2024 16:52:47 UTC] SITE: https://websitedemos.net/wp-json/astra-sites/v1/sites-and-pages/?per_page=30&page=1&page-builder=gutenberg
[13-Apr-2024 16:52:47 UTC] SITE: Storing in option ast-block-templates-sites-1
[13-Apr-2024 16:52:47 UTC] SITE: Completed request 1
[13-Apr-2024 16:52:47 UTC] SITE: Importing request 2 ..
[13-Apr-2024 16:52:47 UTC] SITE: https://websitedemos.net/wp-json/astra-sites/v1/sites-and-pages/?per_page=30&page=2&page-builder=gutenberg
[13-Apr-2024 16:52:48 UTC] SITE: Storing in option ast-block-templates-sites-2
[13-Apr-2024 16:52:48 UTC] SITE: Completed request 2
[13-Apr-2024 16:52:48 UTC] SITE: Importing request 3 ..
[13-Apr-2024 16:52:48 UTC] SITE: https://websitedemos.net/wp-json/astra-sites/v1/sites-and-pages/?per_page=30&page=3&page-builder=gutenberg
[13-Apr-2024 16:52:48 UTC] SITE: Storing in option ast-block-templates-sites-3
[13-Apr-2024 16:52:48 UTC] SITE: Completed request 3
[13-Apr-2024 16:52:48 UTC] SITE: Importing request 4 ..
[13-Apr-2024 16:52:48 UTC] SITE: https://websitedemos.net/wp-json/astra-sites/v1/sites-and-pages/?per_page=30&page=4&page-builder=gutenberg
[13-Apr-2024 16:52:48 UTC] SITE: Storing in option ast-block-templates-sites-4
[13-Apr-2024 16:52:48 UTC] SITE: Completed request 4
[13-Apr-2024 16:52:48 UTC] SITE: Importing request 5 ..
[13-Apr-2024 16:52:48 UTC] SITE: https://websitedemos.net/wp-json/astra-sites/v1/sites-and-pages/?per_page=30&page=5&page-builder=gutenberg
[13-Apr-2024 16:52:48 UTC] SITE: Storing in option ast-block-templates-sites-5
[13-Apr-2024 16:52:48 UTC] SITE: Completed request 5
[13-Apr-2024 16:52:48 UTC] SITE: Importing request 6 ..
[13-Apr-2024 16:52:48 UTC] SITE: https://websitedemos.net/wp-json/astra-sites/v1/sites-and-pages/?per_page=30&page=6&page-builder=gutenberg
[13-Apr-2024 16:52:48 UTC] SITE: Storing in option ast-block-templates-sites-6
[13-Apr-2024 16:52:48 UTC] SITE: Completed request 6
[13-Apr-2024 16:52:48 UTC] SITE: Importing request 7 ..
[13-Apr-2024 16:52:48 UTC] SITE: https://websitedemos.net/wp-json/astra-sites/v1/sites-and-pages/?per_page=30&page=7&page-builder=gutenberg
[13-Apr-2024 16:52:49 UTC] SITE: Storing in option ast-block-templates-sites-7
[13-Apr-2024 16:52:49 UTC] SITE: Completed request 7
[13-Apr-2024 16:52:49 UTC] SITE: Importing request 8 ..
[13-Apr-2024 16:52:49 UTC] SITE: https://websitedemos.net/wp-json/astra-sites/v1/sites-and-pages/?per_page=30&page=8&page-builder=gutenberg
[13-Apr-2024 16:52:49 UTC] SITE: Storing in option ast-block-templates-sites-8
[13-Apr-2024 16:52:49 UTC] SITE: Completed request 8
[13-Apr-2024 16:52:49 UTC] SITE: Importing request 9 ..
[13-Apr-2024 16:52:49 UTC] SITE: https://websitedemos.net/wp-json/astra-sites/v1/sites-and-pages/?per_page=30&page=9&page-builder=gutenberg
[13-Apr-2024 16:52:49 UTC] SITE: Storing in option ast-block-templates-sites-9
[13-Apr-2024 16:52:49 UTC] SITE: Completed request 9
[13-Apr-2024 16:52:49 UTC] SITE: Importing request 10 ..
[13-Apr-2024 16:52:49 UTC] SITE: https://websitedemos.net/wp-json/astra-sites/v1/sites-and-pages/?per_page=30&page=10&page-builder=gutenberg
[13-Apr-2024 16:52:49 UTC] SITE: Storing in option ast-block-templates-sites-10
[13-Apr-2024 16:52:49 UTC] SITE: Completed request 10
[13-Apr-2024 16:52:49 UTC] SITE: Importing request 11 ..
[13-Apr-2024 16:52:49 UTC] SITE: https://websitedemos.net/wp-json/astra-sites/v1/sites-and-pages/?per_page=30&page=11&page-builder=gutenberg
[13-Apr-2024 16:52:49 UTC] SITE: Storing in option ast-block-templates-sites-11
[13-Apr-2024 16:52:49 UTC] SITE: Completed request 11
[13-Apr-2024 16:52:49 UTC] Sync process for Gutenberg Blocks is done.
[13-Apr-2024 16:52:50 UTC] BLOCK: Getting Server Custimizer CSS
[13-Apr-2024 16:52:50 UTC] BLOCK: https://websitedemos.net/wp-json/astra-blocks/v2/get-customizer-css
[13-Apr-2024 16:52:54 UTC] Blocks are up to date.
[13-Apr-2024 21:00:01 UTC] BLOCK: Getting Spectra Common CSS
[13-Apr-2024 21:01:02 UTC] BLOCK: Getting Spectra Common CSS
[13-Apr-2024 21:01:04 UTC] BLOCK: Getting Spectra Common CSS
[13-Apr-2024 21:04:44 UTC] BLOCK: Getting Spectra Common CSS
[13-Apr-2024 21:09:54 UTC] BLOCK: Getting Spectra Common CSS
[13-Apr-2024 21:17:54 UTC] BLOCK: Getting Spectra Common CSS
[13-Apr-2024 21:22:33 UTC] BLOCK: Getting Spectra Common CSS
[13-Apr-2024 21:22:37 UTC] BLOCK: Getting Spectra Common CSS
[13-Apr-2024 21:25:00 UTC] BLOCK: Getting Spectra Common CSS
[13-Apr-2024 21:26:47 UTC] BLOCK: Getting Spectra Common CSS
[13-Apr-2024 23:34:30 UTC] BLOCK: Getting Spectra Common CSS
[13-Apr-2024 23:36:51 UTC] BLOCK: Getting Spectra Common CSS
[13-Apr-2024 23:42:27 UTC] BLOCK: Getting Spectra Common CSS
[13-Apr-2024 23:42:48 UTC] BLOCK: Getting Spectra Common CSS
[13-Apr-2024 23:58:23 UTC] BLOCK: Getting Spectra Common CSS
[14-Apr-2024 00:00:10 UTC] BLOCK: Getting Spectra Common CSS
[14-Apr-2024 00:32:16 UTC] BLOCK: Getting Spectra Common CSS
[14-Apr-2024 00:33:36 UTC] BLOCK: Getting Spectra Common CSS
[14-Apr-2024 00:38:35 UTC] BLOCK: Getting Spectra Common CSS
[14-Apr-2024 02:54:03 UTC] BLOCK: Getting Spectra Common CSS
[14-Apr-2024 03:17:17 UTC] BLOCK: Getting Spectra Common CSS
[14-Apr-2024 03:33:02 UTC] BLOCK: Getting Spectra Common CSS
[14-Apr-2024 04:00:28 UTC] BLOCK: Getting Spectra Common CSS
[20-Apr-2024 23:25:03 UTC] Sync process for Gutenberg Blocks has started.
[20-Apr-2024 23:25:03 UTC] CATEGORY: Storing in option ast-block-templates-categories
[20-Apr-2024 23:25:03 UTC] BLOCK: Requests count 7
[20-Apr-2024 23:25:03 UTC] BLOCK: Importing request 1 ..
[20-Apr-2024 23:25:03 UTC] BLOCK: https://websitedemos.net/wp-json/astra-blocks/v2/blocks/?page_builder=gutenberg&per_page=30&page=1&wireframe=yes
[20-Apr-2024 23:25:04 UTC] BLOCK: Storing in option ast-block-templates-blocks-1
[20-Apr-2024 23:25:04 UTC] BLOCK: Completed request 1
[20-Apr-2024 23:25:04 UTC] BLOCK: Importing request 2 ..
[20-Apr-2024 23:25:04 UTC] BLOCK: https://websitedemos.net/wp-json/astra-blocks/v2/blocks/?page_builder=gutenberg&per_page=30&page=2&wireframe=yes
[20-Apr-2024 23:25:05 UTC] BLOCK: Storing in option ast-block-templates-blocks-2
[20-Apr-2024 23:25:06 UTC] BLOCK: Completed request 2
[20-Apr-2024 23:25:06 UTC] BLOCK: Importing request 3 ..
[20-Apr-2024 23:25:06 UTC] BLOCK: https://websitedemos.net/wp-json/astra-blocks/v2/blocks/?page_builder=gutenberg&per_page=30&page=3&wireframe=yes
[20-Apr-2024 23:25:06 UTC] BLOCK: Storing in option ast-block-templates-blocks-3
[20-Apr-2024 23:25:07 UTC] BLOCK: Completed request 3
[20-Apr-2024 23:25:07 UTC] BLOCK: Importing request 4 ..
[20-Apr-2024 23:25:07 UTC] BLOCK: https://websitedemos.net/wp-json/astra-blocks/v2/blocks/?page_builder=gutenberg&per_page=30&page=4&wireframe=yes
[20-Apr-2024 23:25:07 UTC] BLOCK: Storing in option ast-block-templates-blocks-4
[20-Apr-2024 23:25:08 UTC] BLOCK: Completed request 4
[20-Apr-2024 23:25:08 UTC] BLOCK: Importing request 5 ..
[20-Apr-2024 23:25:08 UTC] BLOCK: https://websitedemos.net/wp-json/astra-blocks/v2/blocks/?page_builder=gutenberg&per_page=30&page=5&wireframe=yes
[20-Apr-2024 23:25:08 UTC] BLOCK: Storing in option ast-block-templates-blocks-5
[20-Apr-2024 23:25:08 UTC] BLOCK: Completed request 5
[20-Apr-2024 23:25:08 UTC] BLOCK: Importing request 6 ..
[20-Apr-2024 23:25:08 UTC] BLOCK: https://websitedemos.net/wp-json/astra-blocks/v2/blocks/?page_builder=gutenberg&per_page=30&page=6&wireframe=yes
[20-Apr-2024 23:25:08 UTC] BLOCK: Storing in option ast-block-templates-blocks-6
[20-Apr-2024 23:25:09 UTC] BLOCK: Completed request 6
[20-Apr-2024 23:25:09 UTC] BLOCK: Importing request 7 ..
[20-Apr-2024 23:25:09 UTC] BLOCK: https://websitedemos.net/wp-json/astra-blocks/v2/blocks/?page_builder=gutenberg&per_page=30&page=7&wireframe=yes
[20-Apr-2024 23:25:09 UTC] BLOCK: Storing in option ast-block-templates-blocks-7
[20-Apr-2024 23:25:09 UTC] BLOCK: Completed request 7
[20-Apr-2024 23:25:09 UTC] SITE: Getting Total Sites
[20-Apr-2024 23:25:09 UTC] SITE: https://websitedemos.net/wp-json/astra-sites/v1/get-total-pages/?page_builder=gutenberg&per_page=30
[20-Apr-2024 23:25:09 UTC] SITE: Request count 11
[20-Apr-2024 23:25:09 UTC] SITE: Importing request 1 ..
[20-Apr-2024 23:25:09 UTC] SITE: https://websitedemos.net/wp-json/astra-sites/v1/sites-and-pages/?per_page=30&page=1&page-builder=gutenberg
[20-Apr-2024 23:25:10 UTC] SITE: Storing in option ast-block-templates-sites-1
[20-Apr-2024 23:25:10 UTC] SITE: Completed request 1
[20-Apr-2024 23:25:10 UTC] SITE: Importing request 2 ..
[20-Apr-2024 23:25:10 UTC] SITE: https://websitedemos.net/wp-json/astra-sites/v1/sites-and-pages/?per_page=30&page=2&page-builder=gutenberg
[20-Apr-2024 23:25:10 UTC] SITE: Storing in option ast-block-templates-sites-2
[20-Apr-2024 23:25:10 UTC] SITE: Completed request 2
[20-Apr-2024 23:25:10 UTC] SITE: Importing request 3 ..
[20-Apr-2024 23:25:10 UTC] SITE: https://websitedemos.net/wp-json/astra-sites/v1/sites-and-pages/?per_page=30&page=3&page-builder=gutenberg
[20-Apr-2024 23:25:10 UTC] SITE: Storing in option ast-block-templates-sites-3
[20-Apr-2024 23:25:10 UTC] SITE: Completed request 3
[20-Apr-2024 23:25:10 UTC] SITE: Importing request 4 ..
[20-Apr-2024 23:25:10 UTC] SITE: https://websitedemos.net/wp-json/astra-sites/v1/sites-and-pages/?per_page=30&page=4&page-builder=gutenberg
[20-Apr-2024 23:25:11 UTC] SITE: Storing in option ast-block-templates-sites-4
[20-Apr-2024 23:25:11 UTC] SITE: Completed request 4
[20-Apr-2024 23:25:11 UTC] SITE: Importing request 5 ..
[20-Apr-2024 23:25:11 UTC] SITE: https://websitedemos.net/wp-json/astra-sites/v1/sites-and-pages/?per_page=30&page=5&page-builder=gutenberg
[20-Apr-2024 23:25:11 UTC] SITE: Storing in option ast-block-templates-sites-5
[20-Apr-2024 23:25:11 UTC] SITE: Completed request 5
[20-Apr-2024 23:25:11 UTC] SITE: Importing request 6 ..
[20-Apr-2024 23:25:11 UTC] SITE: https://websitedemos.net/wp-json/astra-sites/v1/sites-and-pages/?per_page=30&page=6&page-builder=gutenberg
[20-Apr-2024 23:25:11 UTC] SITE: Storing in option ast-block-templates-sites-6
[20-Apr-2024 23:25:11 UTC] SITE: Completed request 6
[20-Apr-2024 23:25:11 UTC] SITE: Importing request 7 ..
[20-Apr-2024 23:25:11 UTC] SITE: https://websitedemos.net/wp-json/astra-sites/v1/sites-and-pages/?per_page=30&page=7&page-builder=gutenberg
[20-Apr-2024 23:25:12 UTC] SITE: Storing in option ast-block-templates-sites-7
[20-Apr-2024 23:25:12 UTC] SITE: Completed request 7
[20-Apr-2024 23:25:12 UTC] SITE: Importing request 8 ..
[20-Apr-2024 23:25:12 UTC] SITE: https://websitedemos.net/wp-json/astra-sites/v1/sites-and-pages/?per_page=30&page=8&page-builder=gutenberg
[20-Apr-2024 23:25:12 UTC] SITE: Storing in option ast-block-templates-sites-8
[20-Apr-2024 23:25:12 UTC] SITE: Completed request 8
[20-Apr-2024 23:25:12 UTC] SITE: Importing request 9 ..
[20-Apr-2024 23:25:12 UTC] SITE: https://websitedemos.net/wp-json/astra-sites/v1/sites-and-pages/?per_page=30&page=9&page-builder=gutenberg
[20-Apr-2024 23:25:12 UTC] SITE: Storing in option ast-block-templates-sites-9
[20-Apr-2024 23:25:12 UTC] SITE: Completed request 9
[20-Apr-2024 23:25:12 UTC] SITE: Importing request 10 ..
[20-Apr-2024 23:25:12 UTC] SITE: https://websitedemos.net/wp-json/astra-sites/v1/sites-and-pages/?per_page=30&page=10&page-builder=gutenberg
[20-Apr-2024 23:25:13 UTC] SITE: Storing in option ast-block-templates-sites-10
[20-Apr-2024 23:25:13 UTC] SITE: Completed request 10
[20-Apr-2024 23:25:13 UTC] SITE: Importing request 11 ..
[20-Apr-2024 23:25:13 UTC] SITE: https://websitedemos.net/wp-json/astra-sites/v1/sites-and-pages/?per_page=30&page=11&page-builder=gutenberg
[20-Apr-2024 23:25:13 UTC] SITE: Storing in option ast-block-templates-sites-11
[20-Apr-2024 23:25:13 UTC] SITE: Completed request 11
[20-Apr-2024 23:25:13 UTC] Sync process for Gutenberg Blocks is done.
[20-Apr-2024 23:25:13 UTC] BLOCK: Getting Server Custimizer CSS
[20-Apr-2024 23:25:13 UTC] BLOCK: https://websitedemos.net/wp-json/astra-blocks/v2/get-customizer-css
[20-Apr-2024 23:34:33 UTC] BLOCK: Getting Spectra Common CSS
[20-Apr-2024 23:38:50 UTC] BLOCK: Getting Spectra Common CSS
[20-Apr-2024 23:38:52 UTC] BLOCK: Getting Spectra Common CSS
[29-Apr-2024 12:51:29 UTC] Sync process for Gutenberg Blocks has started.
[29-Apr-2024 12:51:29 UTC] CATEGORY: Storing in option ast-block-templates-categories
[29-Apr-2024 12:51:29 UTC] BLOCK: Requests count 7
[29-Apr-2024 12:51:29 UTC] BLOCK: Importing request 1 ..
[29-Apr-2024 12:51:29 UTC] BLOCK: https://websitedemos.net/wp-json/astra-blocks/v2/blocks/?page_builder=gutenberg&per_page=30&page=1&wireframe=yes
[29-Apr-2024 12:51:29 UTC] BLOCK: Storing in option ast-block-templates-blocks-1
[29-Apr-2024 12:51:30 UTC] BLOCK: Completed request 1
[29-Apr-2024 12:51:30 UTC] BLOCK: Importing request 2 ..
[29-Apr-2024 12:51:30 UTC] BLOCK: https://websitedemos.net/wp-json/astra-blocks/v2/blocks/?page_builder=gutenberg&per_page=30&page=2&wireframe=yes
[29-Apr-2024 12:51:30 UTC] BLOCK: Storing in option ast-block-templates-blocks-2
[29-Apr-2024 12:51:31 UTC] BLOCK: Completed request 2
[29-Apr-2024 12:51:31 UTC] BLOCK: Importing request 3 ..
[29-Apr-2024 12:51:31 UTC] BLOCK: https://websitedemos.net/wp-json/astra-blocks/v2/blocks/?page_builder=gutenberg&per_page=30&page=3&wireframe=yes
[29-Apr-2024 12:51:31 UTC] BLOCK: Storing in option ast-block-templates-blocks-3
[29-Apr-2024 12:51:32 UTC] BLOCK: Completed request 3
[29-Apr-2024 12:51:32 UTC] BLOCK: Importing request 4 ..
[29-Apr-2024 12:51:32 UTC] BLOCK: https://websitedemos.net/wp-json/astra-blocks/v2/blocks/?page_builder=gutenberg&per_page=30&page=4&wireframe=yes
[29-Apr-2024 12:51:32 UTC] BLOCK: Storing in option ast-block-templates-blocks-4
[29-Apr-2024 12:51:32 UTC] BLOCK: Completed request 4
[29-Apr-2024 12:51:32 UTC] BLOCK: Importing request 5 ..
[29-Apr-2024 12:51:32 UTC] BLOCK: https://websitedemos.net/wp-json/astra-blocks/v2/blocks/?page_builder=gutenberg&per_page=30&page=5&wireframe=yes
[29-Apr-2024 12:51:32 UTC] BLOCK: Storing in option ast-block-templates-blocks-5
[29-Apr-2024 12:51:32 UTC] BLOCK: Completed request 5
[29-Apr-2024 12:51:32 UTC] BLOCK: Importing request 6 ..
[29-Apr-2024 12:51:32 UTC] BLOCK: https://websitedemos.net/wp-json/astra-blocks/v2/blocks/?page_builder=gutenberg&per_page=30&page=6&wireframe=yes
[29-Apr-2024 12:51:32 UTC] BLOCK: Storing in option ast-block-templates-blocks-6
[29-Apr-2024 12:51:32 UTC] BLOCK: Completed request 6
[29-Apr-2024 12:51:32 UTC] BLOCK: Importing request 7 ..
[29-Apr-2024 12:51:32 UTC] BLOCK: https://websitedemos.net/wp-json/astra-blocks/v2/blocks/?page_builder=gutenberg&per_page=30&page=7&wireframe=yes
[29-Apr-2024 12:51:33 UTC] BLOCK: Storing in option ast-block-templates-blocks-7
[29-Apr-2024 12:51:33 UTC] BLOCK: Completed request 7
[29-Apr-2024 12:51:33 UTC] SITE: Getting Total Sites
[29-Apr-2024 12:51:33 UTC] SITE: https://websitedemos.net/wp-json/astra-sites/v1/get-total-pages/?page_builder=gutenberg&per_page=30
[29-Apr-2024 12:51:33 UTC] SITE: Request count 11
[29-Apr-2024 12:51:33 UTC] SITE: Importing request 1 ..
[29-Apr-2024 12:51:33 UTC] SITE: https://websitedemos.net/wp-json/astra-sites/v1/sites-and-pages/?per_page=30&page=1&page-builder=gutenberg
[29-Apr-2024 12:51:33 UTC] SITE: Storing in option ast-block-templates-sites-1
[29-Apr-2024 12:51:33 UTC] SITE: Completed request 1
[29-Apr-2024 12:51:33 UTC] SITE: Importing request 2 ..
[29-Apr-2024 12:51:33 UTC] SITE: https://websitedemos.net/wp-json/astra-sites/v1/sites-and-pages/?per_page=30&page=2&page-builder=gutenberg
[29-Apr-2024 12:51:33 UTC] SITE: Storing in option ast-block-templates-sites-2
[29-Apr-2024 12:51:33 UTC] SITE: Completed request 2
[29-Apr-2024 12:51:33 UTC] SITE: Importing request 3 ..
[29-Apr-2024 12:51:33 UTC] SITE: https://websitedemos.net/wp-json/astra-sites/v1/sites-and-pages/?per_page=30&page=3&page-builder=gutenberg
[29-Apr-2024 12:51:34 UTC] SITE: Storing in option ast-block-templates-sites-3
[29-Apr-2024 12:51:34 UTC] SITE: Completed request 3
[29-Apr-2024 12:51:34 UTC] SITE: Importing request 4 ..
[29-Apr-2024 12:51:34 UTC] SITE: https://websitedemos.net/wp-json/astra-sites/v1/sites-and-pages/?per_page=30&page=4&page-builder=gutenberg
[29-Apr-2024 12:51:34 UTC] SITE: Storing in option ast-block-templates-sites-4
[29-Apr-2024 12:51:34 UTC] SITE: Completed request 4
[29-Apr-2024 12:51:34 UTC] SITE: Importing request 5 ..
[29-Apr-2024 12:51:34 UTC] SITE: https://websitedemos.net/wp-json/astra-sites/v1/sites-and-pages/?per_page=30&page=5&page-builder=gutenberg
[29-Apr-2024 12:51:34 UTC] SITE: Storing in option ast-block-templates-sites-5
[29-Apr-2024 12:51:34 UTC] SITE: Completed request 5
[29-Apr-2024 12:51:34 UTC] SITE: Importing request 6 ..
[29-Apr-2024 12:51:34 UTC] SITE: https://websitedemos.net/wp-json/astra-sites/v1/sites-and-pages/?per_page=30&page=6&page-builder=gutenberg
[29-Apr-2024 12:51:34 UTC] SITE: Storing in option ast-block-templates-sites-6
[29-Apr-2024 12:51:35 UTC] SITE: Completed request 6
[29-Apr-2024 12:51:35 UTC] SITE: Importing request 7 ..
[29-Apr-2024 12:51:35 UTC] SITE: https://websitedemos.net/wp-json/astra-sites/v1/sites-and-pages/?per_page=30&page=7&page-builder=gutenberg
[29-Apr-2024 12:51:35 UTC] SITE: Storing in option ast-block-templates-sites-7
[29-Apr-2024 12:51:35 UTC] SITE: Completed request 7
[29-Apr-2024 12:51:35 UTC] SITE: Importing request 8 ..
[29-Apr-2024 12:51:35 UTC] SITE: https://websitedemos.net/wp-json/astra-sites/v1/sites-and-pages/?per_page=30&page=8&page-builder=gutenberg
[29-Apr-2024 12:51:35 UTC] SITE: Storing in option ast-block-templates-sites-8
[29-Apr-2024 12:51:35 UTC] SITE: Completed request 8
[29-Apr-2024 12:51:35 UTC] SITE: Importing request 9 ..
[29-Apr-2024 12:51:35 UTC] SITE: https://websitedemos.net/wp-json/astra-sites/v1/sites-and-pages/?per_page=30&page=9&page-builder=gutenberg
[29-Apr-2024 12:51:35 UTC] SITE: Storing in option ast-block-templates-sites-9
[29-Apr-2024 12:51:35 UTC] SITE: Completed request 9
[29-Apr-2024 12:51:35 UTC] SITE: Importing request 10 ..
[29-Apr-2024 12:51:35 UTC] SITE: https://websitedemos.net/wp-json/astra-sites/v1/sites-and-pages/?per_page=30&page=10&page-builder=gutenberg
[29-Apr-2024 12:51:35 UTC] SITE: Storing in option ast-block-templates-sites-10
[29-Apr-2024 12:51:35 UTC] SITE: Completed request 10
[29-Apr-2024 12:51:35 UTC] SITE: Importing request 11 ..
[29-Apr-2024 12:51:35 UTC] SITE: https://websitedemos.net/wp-json/astra-sites/v1/sites-and-pages/?per_page=30&page=11&page-builder=gutenberg
[29-Apr-2024 12:51:36 UTC] SITE: Storing in option ast-block-templates-sites-11
[29-Apr-2024 12:51:36 UTC] SITE: Completed request 11
[29-Apr-2024 12:51:36 UTC] Sync process for Gutenberg Blocks is done.
[29-Apr-2024 12:51:36 UTC] BLOCK: Getting Server Custimizer CSS
[29-Apr-2024 12:51:36 UTC] BLOCK: https://websitedemos.net/wp-json/astra-blocks/v2/get-customizer-css
[12-May-2024 17:14:01 UTC] Sync process for Gutenberg Blocks has started.
[12-May-2024 17:14:01 UTC] CATEGORY: Storing in option ast-block-templates-categories
[12-May-2024 17:14:01 UTC] BLOCK: Requests count 7
[12-May-2024 17:14:01 UTC] BLOCK: Importing request 1 ..
[12-May-2024 17:14:01 UTC] BLOCK: https://websitedemos.net/wp-json/astra-blocks/v2/blocks/?page_builder=gutenberg&per_page=30&page=1&wireframe=yes
[12-May-2024 17:14:02 UTC] BLOCK: Storing in option ast-block-templates-blocks-1
[12-May-2024 17:14:02 UTC] BLOCK: Completed request 1
[12-May-2024 17:14:02 UTC] BLOCK: Importing request 2 ..
[12-May-2024 17:14:02 UTC] BLOCK: https://websitedemos.net/wp-json/astra-blocks/v2/blocks/?page_builder=gutenberg&per_page=30&page=2&wireframe=yes
[12-May-2024 17:14:02 UTC] BLOCK: Storing in option ast-block-templates-blocks-2
[12-May-2024 17:14:03 UTC] BLOCK: Completed request 2
[12-May-2024 17:14:03 UTC] BLOCK: Importing request 3 ..
[12-May-2024 17:14:03 UTC] BLOCK: https://websitedemos.net/wp-json/astra-blocks/v2/blocks/?page_builder=gutenberg&per_page=30&page=3&wireframe=yes
[12-May-2024 17:14:03 UTC] BLOCK: Storing in option ast-block-templates-blocks-3
[12-May-2024 17:14:03 UTC] BLOCK: Completed request 3
[12-May-2024 17:14:03 UTC] BLOCK: Importing request 4 ..
[12-May-2024 17:14:03 UTC] BLOCK: https://websitedemos.net/wp-json/astra-blocks/v2/blocks/?page_builder=gutenberg&per_page=30&page=4&wireframe=yes
[12-May-2024 17:14:04 UTC] BLOCK: Storing in option ast-block-templates-blocks-4
[12-May-2024 17:14:04 UTC] BLOCK: Completed request 4
[12-May-2024 17:14:04 UTC] BLOCK: Importing request 5 ..
[12-May-2024 17:14:04 UTC] BLOCK: https://websitedemos.net/wp-json/astra-blocks/v2/blocks/?page_builder=gutenberg&per_page=30&page=5&wireframe=yes
[12-May-2024 17:14:04 UTC] BLOCK: Storing in option ast-block-templates-blocks-5
[12-May-2024 17:14:04 UTC] BLOCK: Completed request 5
[12-May-2024 17:14:04 UTC] BLOCK: Importing request 6 ..
[12-May-2024 17:14:04 UTC] BLOCK: https://websitedemos.net/wp-json/astra-blocks/v2/blocks/?page_builder=gutenberg&per_page=30&page=6&wireframe=yes
[12-May-2024 17:14:04 UTC] BLOCK: Storing in option ast-block-templates-blocks-6
[12-May-2024 17:14:04 UTC] BLOCK: Completed request 6
[12-May-2024 17:14:04 UTC] BLOCK: Importing request 7 ..
[12-May-2024 17:14:04 UTC] BLOCK: https://websitedemos.net/wp-json/astra-blocks/v2/blocks/?page_builder=gutenberg&per_page=30&page=7&wireframe=yes
[12-May-2024 17:14:05 UTC] BLOCK: Storing in option ast-block-templates-blocks-7
[12-May-2024 17:14:05 UTC] BLOCK: Completed request 7
[12-May-2024 17:14:05 UTC] SITE: Getting Total Sites
[12-May-2024 17:14:05 UTC] SITE: https://websitedemos.net/wp-json/astra-sites/v1/get-total-pages/?page_builder=gutenberg&per_page=30
[12-May-2024 17:14:05 UTC] SITE: Request count 11
[12-May-2024 17:14:05 UTC] SITE: Importing request 1 ..
[12-May-2024 17:14:05 UTC] SITE: https://websitedemos.net/wp-json/astra-sites/v1/sites-and-pages/?per_page=30&page=1&page-builder=gutenberg
[12-May-2024 17:14:05 UTC] SITE: Storing in option ast-block-templates-sites-1
[12-May-2024 17:14:05 UTC] SITE: Completed request 1
[12-May-2024 17:14:05 UTC] SITE: Importing request 2 ..
[12-May-2024 17:14:05 UTC] SITE: https://websitedemos.net/wp-json/astra-sites/v1/sites-and-pages/?per_page=30&page=2&page-builder=gutenberg
[12-May-2024 17:14:05 UTC] SITE: Storing in option ast-block-templates-sites-2
[12-May-2024 17:14:05 UTC] SITE: Completed request 2
[12-May-2024 17:14:05 UTC] SITE: Importing request 3 ..
[12-May-2024 17:14:05 UTC] SITE: https://websitedemos.net/wp-json/astra-sites/v1/sites-and-pages/?per_page=30&page=3&page-builder=gutenberg
[12-May-2024 17:14:05 UTC] SITE: Storing in option ast-block-templates-sites-3
[12-May-2024 17:14:05 UTC] SITE: Completed request 3
[12-May-2024 17:14:05 UTC] SITE: Importing request 4 ..
[12-May-2024 17:14:05 UTC] SITE: https://websitedemos.net/wp-json/astra-sites/v1/sites-and-pages/?per_page=30&page=4&page-builder=gutenberg
[12-May-2024 17:14:06 UTC] SITE: Storing in option ast-block-templates-sites-4
[12-May-2024 17:14:06 UTC] SITE: Completed request 4
[12-May-2024 17:14:06 UTC] SITE: Importing request 5 ..
[12-May-2024 17:14:06 UTC] SITE: https://websitedemos.net/wp-json/astra-sites/v1/sites-and-pages/?per_page=30&page=5&page-builder=gutenberg
[12-May-2024 17:14:06 UTC] SITE: Storing in option ast-block-templates-sites-5
[12-May-2024 17:14:06 UTC] SITE: Completed request 5
[12-May-2024 17:14:06 UTC] SITE: Importing request 6 ..
[12-May-2024 17:14:06 UTC] SITE: https://websitedemos.net/wp-json/astra-sites/v1/sites-and-pages/?per_page=30&page=6&page-builder=gutenberg
[12-May-2024 17:14:06 UTC] SITE: Storing in option ast-block-templates-sites-6
[12-May-2024 17:14:06 UTC] SITE: Completed request 6
[12-May-2024 17:14:06 UTC] SITE: Importing request 7 ..
[12-May-2024 17:14:06 UTC] SITE: https://websitedemos.net/wp-json/astra-sites/v1/sites-and-pages/?per_page=30&page=7&page-builder=gutenberg
[12-May-2024 17:14:06 UTC] SITE: Storing in option ast-block-templates-sites-7
[12-May-2024 17:14:06 UTC] SITE: Completed request 7
[12-May-2024 17:14:06 UTC] SITE: Importing request 8 ..
[12-May-2024 17:14:06 UTC] SITE: https://websitedemos.net/wp-json/astra-sites/v1/sites-and-pages/?per_page=30&page=8&page-builder=gutenberg
[12-May-2024 17:14:06 UTC] SITE: Storing in option ast-block-templates-sites-8
[12-May-2024 17:14:06 UTC] SITE: Completed request 8
[12-May-2024 17:14:06 UTC] SITE: Importing request 9 ..
[12-May-2024 17:14:06 UTC] SITE: https://websitedemos.net/wp-json/astra-sites/v1/sites-and-pages/?per_page=30&page=9&page-builder=gutenberg
[12-May-2024 17:14:07 UTC] SITE: Storing in option ast-block-templates-sites-9
[12-May-2024 17:14:07 UTC] SITE: Completed request 9
[12-May-2024 17:14:07 UTC] SITE: Importing request 10 ..
[12-May-2024 17:14:07 UTC] SITE: https://websitedemos.net/wp-json/astra-sites/v1/sites-and-pages/?per_page=30&page=10&page-builder=gutenberg
[12-May-2024 17:14:07 UTC] SITE: Storing in option ast-block-templates-sites-10
[12-May-2024 17:14:07 UTC] SITE: Completed request 10
[12-May-2024 17:14:07 UTC] SITE: Importing request 11 ..
[12-May-2024 17:14:07 UTC] SITE: https://websitedemos.net/wp-json/astra-sites/v1/sites-and-pages/?per_page=30&page=11&page-builder=gutenberg
[12-May-2024 17:14:07 UTC] SITE: Storing in option ast-block-templates-sites-11
[12-May-2024 17:14:07 UTC] SITE: Completed request 11
[12-May-2024 17:14:07 UTC] Sync process for Gutenberg Blocks is done.
[12-May-2024 17:14:07 UTC] BLOCK: Getting Server Custimizer CSS
[12-May-2024 17:14:07 UTC] BLOCK: https://websitedemos.net/wp-json/astra-blocks/v2/get-customizer-css
[12-May-2024 22:37:33 UTC] BLOCK: Getting Spectra Common CSS
[12-May-2024 22:53:59 UTC] BLOCK: Getting Spectra Common CSS
[12-May-2024 23:07:22 UTC] BLOCK: Getting Spectra Common CSS
[12-May-2024 23:13:54 UTC] BLOCK: Getting Spectra Common CSS
[12-May-2024 23:16:17 UTC] BLOCK: Getting Spectra Common CSS
[13-May-2024 00:45:23 UTC] BLOCK: Getting Spectra Common CSS
[13-May-2024 03:16:23 UTC] BLOCK: Getting Spectra Common CSS
[13-May-2024 03:17:56 UTC] BLOCK: Getting Spectra Common CSS
[13-May-2024 03:38:12 UTC] BLOCK: Getting Spectra Common CSS
[16-May-2024 15:45:01 UTC] Sync process for Gutenberg Blocks has started.
[16-May-2024 15:45:02 UTC] CATEGORY: Storing in option ast-block-templates-categories
[16-May-2024 15:45:02 UTC] BLOCK: Requests count 7
[16-May-2024 15:45:02 UTC] BLOCK: Importing request 1 ..
[16-May-2024 15:45:02 UTC] BLOCK: https://websitedemos.net/wp-json/astra-blocks/v2/blocks/?page_builder=gutenberg&per_page=30&page=1&wireframe=yes
[16-May-2024 15:45:02 UTC] BLOCK: Storing in option ast-block-templates-blocks-1
[16-May-2024 15:45:02 UTC] BLOCK: Completed request 1
[16-May-2024 15:45:02 UTC] BLOCK: Importing request 2 ..
[16-May-2024 15:45:02 UTC] BLOCK: https://websitedemos.net/wp-json/astra-blocks/v2/blocks/?page_builder=gutenberg&per_page=30&page=2&wireframe=yes
[16-May-2024 15:45:02 UTC] BLOCK: Storing in option ast-block-templates-blocks-2
[16-May-2024 15:45:02 UTC] BLOCK: Completed request 2
[16-May-2024 15:45:02 UTC] BLOCK: Importing request 3 ..
[16-May-2024 15:45:02 UTC] BLOCK: https://websitedemos.net/wp-json/astra-blocks/v2/blocks/?page_builder=gutenberg&per_page=30&page=3&wireframe=yes
[16-May-2024 15:45:02 UTC] BLOCK: Storing in option ast-block-templates-blocks-3
[16-May-2024 15:45:03 UTC] BLOCK: Completed request 3
[16-May-2024 15:45:03 UTC] BLOCK: Importing request 4 ..
[16-May-2024 15:45:03 UTC] BLOCK: https://websitedemos.net/wp-json/astra-blocks/v2/blocks/?page_builder=gutenberg&per_page=30&page=4&wireframe=yes
[16-May-2024 15:45:03 UTC] BLOCK: Storing in option ast-block-templates-blocks-4
[16-May-2024 15:45:03 UTC] BLOCK: Completed request 4
[16-May-2024 15:45:03 UTC] BLOCK: Importing request 5 ..
[16-May-2024 15:45:03 UTC] BLOCK: https://websitedemos.net/wp-json/astra-blocks/v2/blocks/?page_builder=gutenberg&per_page=30&page=5&wireframe=yes
[16-May-2024 15:45:03 UTC] BLOCK: Storing in option ast-block-templates-blocks-5
[16-May-2024 15:45:03 UTC] BLOCK: Completed request 5
[16-May-2024 15:45:03 UTC] BLOCK: Importing request 6 ..
[16-May-2024 15:45:03 UTC] BLOCK: https://websitedemos.net/wp-json/astra-blocks/v2/blocks/?page_builder=gutenberg&per_page=30&page=6&wireframe=yes
[16-May-2024 15:45:03 UTC] BLOCK: Storing in option ast-block-templates-blocks-6
[16-May-2024 15:45:04 UTC] BLOCK: Completed request 6
[16-May-2024 15:45:04 UTC] BLOCK: Importing request 7 ..
[16-May-2024 15:45:04 UTC] BLOCK: https://websitedemos.net/wp-json/astra-blocks/v2/blocks/?page_builder=gutenberg&per_page=30&page=7&wireframe=yes
[16-May-2024 15:45:04 UTC] BLOCK: Storing in option ast-block-templates-blocks-7
[16-May-2024 15:45:04 UTC] BLOCK: Completed request 7
[16-May-2024 15:45:04 UTC] SITE: Getting Total Sites
[16-May-2024 15:45:04 UTC] SITE: https://websitedemos.net/wp-json/astra-sites/v1/get-total-pages/?page_builder=gutenberg&per_page=30
[16-May-2024 15:45:04 UTC] SITE: Request count 11
[16-May-2024 15:45:04 UTC] SITE: Importing request 1 ..
[16-May-2024 15:45:04 UTC] SITE: https://websitedemos.net/wp-json/astra-sites/v1/sites-and-pages/?per_page=30&page=1&page-builder=gutenberg
[16-May-2024 15:45:04 UTC] SITE: Storing in option ast-block-templates-sites-1
[16-May-2024 15:45:04 UTC] SITE: Completed request 1
[16-May-2024 15:45:04 UTC] SITE: Importing request 2 ..
[16-May-2024 15:45:04 UTC] SITE: https://websitedemos.net/wp-json/astra-sites/v1/sites-and-pages/?per_page=30&page=2&page-builder=gutenberg
[16-May-2024 15:45:05 UTC] SITE: Storing in option ast-block-templates-sites-2
[16-May-2024 15:45:05 UTC] SITE: Completed request 2
[16-May-2024 15:45:05 UTC] SITE: Importing request 3 ..
[16-May-2024 15:45:05 UTC] SITE: https://websitedemos.net/wp-json/astra-sites/v1/sites-and-pages/?per_page=30&page=3&page-builder=gutenberg
[16-May-2024 15:45:05 UTC] SITE: Storing in option ast-block-templates-sites-3
[16-May-2024 15:45:05 UTC] SITE: Completed request 3
[16-May-2024 15:45:05 UTC] SITE: Importing request 4 ..
[16-May-2024 15:45:05 UTC] SITE: https://websitedemos.net/wp-json/astra-sites/v1/sites-and-pages/?per_page=30&page=4&page-builder=gutenberg
[16-May-2024 15:45:05 UTC] SITE: Storing in option ast-block-templates-sites-4
[16-May-2024 15:45:05 UTC] SITE: Completed request 4
[16-May-2024 15:45:05 UTC] SITE: Importing request 5 ..
[16-May-2024 15:45:05 UTC] SITE: https://websitedemos.net/wp-json/astra-sites/v1/sites-and-pages/?per_page=30&page=5&page-builder=gutenberg
[16-May-2024 15:45:06 UTC] SITE: Storing in option ast-block-templates-sites-5
[16-May-2024 15:45:06 UTC] SITE: Completed request 5
[16-May-2024 15:45:06 UTC] SITE: Importing request 6 ..
[16-May-2024 15:45:06 UTC] SITE: https://websitedemos.net/wp-json/astra-sites/v1/sites-and-pages/?per_page=30&page=6&page-builder=gutenberg
[16-May-2024 15:45:06 UTC] SITE: Storing in option ast-block-templates-sites-6
[16-May-2024 15:45:06 UTC] SITE: Completed request 6
[16-May-2024 15:45:06 UTC] SITE: Importing request 7 ..
[16-May-2024 15:45:06 UTC] SITE: https://websitedemos.net/wp-json/astra-sites/v1/sites-and-pages/?per_page=30&page=7&page-builder=gutenberg
[16-May-2024 15:45:06 UTC] SITE: Storing in option ast-block-templates-sites-7
[16-May-2024 15:45:06 UTC] SITE: Completed request 7
[16-May-2024 15:45:06 UTC] SITE: Importing request 8 ..
[16-May-2024 15:45:06 UTC] SITE: https://websitedemos.net/wp-json/astra-sites/v1/sites-and-pages/?per_page=30&page=8&page-builder=gutenberg
[16-May-2024 15:45:06 UTC] SITE: Storing in option ast-block-templates-sites-8
[16-May-2024 15:45:06 UTC] SITE: Completed request 8
[16-May-2024 15:45:06 UTC] SITE: Importing request 9 ..
[16-May-2024 15:45:06 UTC] SITE: https://websitedemos.net/wp-json/astra-sites/v1/sites-and-pages/?per_page=30&page=9&page-builder=gutenberg
[16-May-2024 15:45:06 UTC] SITE: Storing in option ast-block-templates-sites-9
[16-May-2024 15:45:07 UTC] SITE: Completed request 9
[16-May-2024 15:45:07 UTC] SITE: Importing request 10 ..
[16-May-2024 15:45:07 UTC] SITE: https://websitedemos.net/wp-json/astra-sites/v1/sites-and-pages/?per_page=30&page=10&page-builder=gutenberg
[16-May-2024 15:45:07 UTC] SITE: Storing in option ast-block-templates-sites-10
[16-May-2024 15:45:07 UTC] SITE: Completed request 10
[16-May-2024 15:45:07 UTC] SITE: Importing request 11 ..
[16-May-2024 15:45:07 UTC] SITE: https://websitedemos.net/wp-json/astra-sites/v1/sites-and-pages/?per_page=30&page=11&page-builder=gutenberg
[16-May-2024 15:45:07 UTC] SITE: Storing in option ast-block-templates-sites-11
[16-May-2024 15:45:07 UTC] SITE: Completed request 11
[16-May-2024 15:45:07 UTC] Sync process for Gutenberg Blocks is done.
[16-May-2024 15:45:07 UTC] BLOCK: Getting Server Custimizer CSS
[16-May-2024 15:45:07 UTC] BLOCK: https://websitedemos.net/wp-json/astra-blocks/v2/get-customizer-css
[16-May-2024 15:45:21 UTC] Blocks are up to date.
[16-May-2024 16:13:40 UTC] BLOCK: Getting Spectra Common CSS
[16-May-2024 16:14:09 UTC] BLOCK: Getting Spectra Common CSS
[16-May-2024 16:16:13 UTC] BLOCK: Getting Spectra Common CSS
[16-May-2024 16:16:36 UTC] BLOCK: Getting Spectra Common CSS
[16-May-2024 16:37:16 UTC] BLOCK: Getting Spectra Common CSS
[16-May-2024 18:03:27 UTC] BLOCK: Getting Spectra Common CSS
[16-May-2024 18:14:29 UTC] BLOCK: Getting Spectra Common CSS
