[03-Apr-2024 17:33:20] NOTICE: fpm is running, pid 49022
[03-Apr-2024 17:33:20] NOTICE: ready to handle connections
[03-Apr-2024 18:35:23] NOTICE: Terminating ...
[03-Apr-2024 18:35:23] NOTICE: Terminating ...
[03-Apr-2024 18:35:23] NOTICE: exiting, bye-bye!
[03-Apr-2024 18:35:27] NOTICE: fpm is running, pid 57285
[03-Apr-2024 18:35:27] NOTICE: ready to handle connections
[03-Apr-2024 23:39:15] NOTICE: Terminating ...
[03-Apr-2024 23:39:15] NOTICE: Terminating ...
[03-Apr-2024 23:39:15] NOTICE: exiting, bye-bye!
[04-Apr-2024 10:59:49] NOTICE: fpm is running, pid 11648
[04-Apr-2024 10:59:49] NOTICE: ready to handle connections
[04-Apr-2024 16:00:58] NOTICE: Terminating ...
[04-Apr-2024 16:00:58] NOTICE: Terminating ...
[04-Apr-2024 16:00:58] NOTICE: exiting, bye-bye!
[06-Apr-2024 17:42:53] NOTICE: fpm is running, pid 6165
[06-Apr-2024 17:42:53] NOTICE: ready to handle connections
[06-Apr-2024 20:10:02] NOTICE: Terminating ...
[06-Apr-2024 20:10:02] NOTICE: Terminating ...
[06-Apr-2024 20:10:02] NOTICE: exiting, bye-bye!
[13-Apr-2024 13:48:51] NOTICE: fpm is running, pid 8888
[13-Apr-2024 13:48:51] NOTICE: ready to handle connections
[13-Apr-2024 17:50:31] NOTICE: fpm is running, pid 38777
[13-Apr-2024 17:50:31] NOTICE: ready to handle connections
[13-Apr-2024 20:19:24] NOTICE: Terminating ...
[13-Apr-2024 20:19:24] NOTICE: Terminating ...
[13-Apr-2024 20:19:24] NOTICE: exiting, bye-bye!
[13-Apr-2024 20:34:15] NOTICE: fpm is running, pid 54392
[13-Apr-2024 20:34:15] NOTICE: ready to handle connections
[13-Apr-2024 22:58:36] NOTICE: Terminating ...
[13-Apr-2024 22:58:36] NOTICE: Terminating ...
[13-Apr-2024 22:58:36] NOTICE: exiting, bye-bye!
[13-Apr-2024 23:46:46] NOTICE: fpm is running, pid 73104
[13-Apr-2024 23:46:47] NOTICE: ready to handle connections
[14-Apr-2024 01:03:01] NOTICE: Terminating ...
[14-Apr-2024 01:03:01] NOTICE: Terminating ...
[14-Apr-2024 01:03:01] NOTICE: exiting, bye-bye!
[14-Apr-2024 21:27:50] NOTICE: fpm is running, pid 6207
[14-Apr-2024 21:27:50] NOTICE: ready to handle connections
[14-Apr-2024 23:30:38] NOTICE: Terminating ...
[14-Apr-2024 23:30:38] NOTICE: Terminating ...
[14-Apr-2024 23:30:38] NOTICE: exiting, bye-bye!
[16-Apr-2024 19:24:38] NOTICE: fpm is running, pid 187705
[16-Apr-2024 19:24:38] NOTICE: ready to handle connections
[16-Apr-2024 23:59:25] NOTICE: Terminating ...
[16-Apr-2024 23:59:25] NOTICE: Terminating ...
[16-Apr-2024 23:59:25] NOTICE: exiting, bye-bye!
[20-Apr-2024 20:23:29] NOTICE: fpm is running, pid 16799
[20-Apr-2024 20:23:29] NOTICE: ready to handle connections
[20-Apr-2024 22:38:44] NOTICE: Terminating ...
[20-Apr-2024 22:38:44] NOTICE: Terminating ...
[20-Apr-2024 22:38:44] NOTICE: exiting, bye-bye!
[20-Apr-2024 22:40:07] NOTICE: fpm is running, pid 46507
[20-Apr-2024 22:40:07] NOTICE: ready to handle connections
[21-Apr-2024 02:48:43] NOTICE: Terminating ...
[21-Apr-2024 02:48:43] NOTICE: exiting, bye-bye!
[29-Apr-2024 09:49:21] NOTICE: fpm is running, pid 4628
[29-Apr-2024 09:49:21] NOTICE: ready to handle connections
[29-Apr-2024 09:51:45] NOTICE: Terminating ...
[29-Apr-2024 09:51:45] NOTICE: Terminating ...
[29-Apr-2024 09:51:45] NOTICE: exiting, bye-bye!
[29-Apr-2024 09:52:08] NOTICE: fpm is running, pid 6038
[29-Apr-2024 09:52:08] NOTICE: ready to handle connections
[29-Apr-2024 11:07:47] NOTICE: Terminating ...
[29-Apr-2024 11:07:47] NOTICE: Terminating ...
[29-Apr-2024 11:07:47] NOTICE: exiting, bye-bye!
[30-Apr-2024 11:59:39] NOTICE: fpm is running, pid 21193
[30-Apr-2024 11:59:39] NOTICE: ready to handle connections
[01-May-2024 00:53:20] NOTICE: Terminating ...
[01-May-2024 00:53:20] NOTICE: Terminating ...
[01-May-2024 00:53:20] NOTICE: exiting, bye-bye!
[12-May-2024 14:12:50] NOTICE: fpm is running, pid 5633
[12-May-2024 14:12:50] NOTICE: ready to handle connections
[13-May-2024 01:57:45] NOTICE: Terminating ...
[13-May-2024 01:57:45] NOTICE: Terminating ...
[13-May-2024 01:57:45] NOTICE: exiting, bye-bye!
[13-May-2024 02:06:25] NOTICE: fpm is running, pid 263353
[13-May-2024 02:06:25] NOTICE: ready to handle connections
[13-May-2024 02:18:52] NOTICE: Terminating ...
[13-May-2024 02:18:52] NOTICE: Terminating ...
[13-May-2024 02:18:52] NOTICE: exiting, bye-bye!
[16-May-2024 12:38:28] NOTICE: fpm is running, pid 65607
[16-May-2024 12:38:28] NOTICE: ready to handle connections
[16-May-2024 15:21:43] NOTICE: Terminating ...
[16-May-2024 15:21:43] NOTICE: Terminating ...
[16-May-2024 15:21:43] NOTICE: exiting, bye-bye!
[21-May-2024 14:27:06] NOTICE: fpm is running, pid 57064
[21-May-2024 14:27:06] NOTICE: ready to handle connections
[21-May-2024 14:27:55] NOTICE: Terminating ...
[21-May-2024 14:27:55] NOTICE: Terminating ...
[21-May-2024 14:27:55] NOTICE: exiting, bye-bye!
[21-May-2024 19:44:04] NOTICE: fpm is running, pid 4856
[21-May-2024 19:44:04] NOTICE: ready to handle connections
